Using pre-set license
Built from '2020.3/staging' branch; Version is '2020.3.6f1 (338bb68529b2) revision 3378102'; Using compiler version '192528614'; Build Type 'Release'
OS: 'Windows 10 Pro; OS build 19042.985; Version 2009; 64bit' Language: 'ko' Physical Memory: 16315 MB
BatchMode: 1, IsHumanControllingUs: 0, StartBugReporterOnCrash: 0, Is64bit: 1, IsPro: 0

 COMMAND LINE ARGUMENTS:
C:\Program Files\Unity\Hub\Editor\2020.3.6f1\Editor\Unity.exe
-adb2
-batchMode
-noUpm
-name
AssetImportWorker0
-projectPath
C:/Users/DMC CONET/Desktop/이나영/360VR/360VR_0511
-logFile
Logs/AssetImportWorker0.log
-srvPort
61058
Successfully changed project path to: C:/Users/DMC CONET/Desktop/이나영/360VR/360VR_0511
C:/Users/DMC CONET/Desktop/이나영/360VR/360VR_0511
Using Asset Import Pipeline V2.
Refreshing native plugins compatible for Editor in 64.67 ms, found 7 plugins.
Preloading 1 native plugins for Editor in 0.95 ms.
Initialize engine version: 2020.3.6f1 (338bb68529b2)
[Subsystems] Discovering subsystems at path C:/Program Files/Unity/Hub/Editor/2020.3.6f1/Editor/Data/Resources/UnitySubsystems
[Subsystems] Discovering subsystems at path C:/Users/DMC CONET/Desktop/이나영/360VR/360VR_0511/Assets
GfxDevice: creating device client; threaded=0
Direct3D:
    Version:  Direct3D 11.0 [level 11.1]
    Renderer: NVIDIA GeForce GTX 1660 SUPER (ID=0x21c4)
    Vendor:   
    VRAM:     5991 MB
    Driver:   27.21.14.5751
Shader 'Oculus/OVRMRCameraFrameLit': fallback shader 'Alpha-Diffuse' not found
Initialize mono
Mono path[0] = 'C:/Program Files/Unity/Hub/Editor/2020.3.6f1/Editor/Data/Managed'
Mono path[1] = 'C:/Program Files/Unity/Hub/Editor/2020.3.6f1/Editor/Data/MonoBleedingEdge/lib/mono/unityjit'
Mono config path = 'C:/Program Files/Unity/Hub/Editor/2020.3.6f1/Editor/Data/MonoBleedingEdge/etc'
Using monoOptions --debugger-agent=transport=dt_socket,embedding=1,server=y,suspend=n,address=127.0.0.1:56428
Begin MonoManager ReloadAssembly
Registering precompiled unity dll's ...
Register platform support module: C:/Program Files/Unity/Hub/Editor/2020.3.6f1/Editor/Data/PlaybackEngines/WindowsStandaloneSupport/UnityEditor.WindowsStandalone.Extensions.dll
Registered in 0.001705 seconds.
Native extension for WindowsStandalone target not found
Refreshing native plugins compatible for Editor in 68.06 ms, found 7 plugins.
Preloading 1 native plugins for Editor in 0.10 ms.
Mono: successfully reloaded assembly
- Completed reload, in  1.765 seconds
Platform modules already initialized, skipping
Registering precompiled user dll's ...
Registered in 0.003619 seconds.
Begin MonoManager ReloadAssembly
Native extension for WindowsStandalone target not found
Refreshing native plugins compatible for Editor in 0.73 ms, found 7 plugins.
Preloading 1 native plugins for Editor in 0.09 ms.
[XR] OculusXRPlugin: registering subsystems
[XR] Unable to register display lifecyle provider: [1]
[XR] Oculus Input lifecycle provider registered.
[XR] Unable to register input lifecyle provider: [1]
[XR] OVRP version 1.60.0
Mono: successfully reloaded assembly
- Completed reload, in  0.901 seconds
Platform modules already initialized, skipping
========================================================================
Worker process is ready to serve import requests
Shader 'Oculus/OVRMRCameraFrameLit': fallback shader 'Alpha-Diffuse' not found
Launched and connected shader compiler UnityShaderCompiler.exe after 0.04 seconds
Refreshing native plugins compatible for Editor in 0.68 ms, found 7 plugins.
Preloading 1 native plugins for Editor in 0.07 ms.
Unloading 2034 Unused Serialized files (Serialized files now loaded: 0)
System memory in use before: 104.4 MB.
System memory in use after: 104.1 MB.

Unloading 44 unused Assets to reduce memory usage. Loaded Objects now: 2454.
Total: 2.028600 ms (FindLiveObjects: 0.272700 ms CreateObjectMapping: 0.088200 ms MarkObjects: 1.361000 ms  DeleteObjects: 0.305600 ms)

========================================================================
Received Import Request.
  path: Assets/Scripts/Footstep.cs
  artifactKey: Guid(018860389e9a3814fba9c05542071b1d) Importer(815301076,1909f56bfc062723c751e8b465ee728b)
Start importing Assets/Scripts/Footstep.cs using Guid(018860389e9a3814fba9c05542071b1d) Importer(815301076,1909f56bfc062723c751e8b465ee728b)  -> (artifact id: '0719a0d3d18ce9297ff524f541d3dec0') in 0.031298 seconds
  Import took 0.036604 seconds .

========================================================================
Received Prepare
Shader 'Oculus/OVRMRCameraFrameLit': fallback shader 'Alpha-Diffuse' not found
Refreshing native plugins compatible for Editor in 10.46 ms, found 7 plugins.
Preloading 1 native plugins for Editor in 0.06 ms.
Unloading 36 Unused Serialized files (Serialized files now loaded: 0)
System memory in use before: 59.2 MB.
System memory in use after: 58.9 MB.

Unloading 36 unused Assets to reduce memory usage. Loaded Objects now: 2454.
Total: 2.507200 ms (FindLiveObjects: 0.228800 ms CreateObjectMapping: 0.083100 ms MarkObjects: 1.914300 ms  DeleteObjects: 0.280200 ms)

========================================================================
Received Import Request.
  Time since last request: 23.553635 seconds.
  path: Assets/Scripts/Footstep.cs
  artifactKey: Guid(018860389e9a3814fba9c05542071b1d) Importer(815301076,1909f56bfc062723c751e8b465ee728b)
Start importing Assets/Scripts/Footstep.cs using Guid(018860389e9a3814fba9c05542071b1d) Importer(815301076,1909f56bfc062723c751e8b465ee728b)  -> (artifact id: 'afa215c6765c62833483259c1e33b503') in 0.002090 seconds
  Import took 0.005054 seconds .

========================================================================
Received Prepare
Registering precompiled user dll's ...
Registered in 0.004529 seconds.
Begin MonoManager ReloadAssembly
Native extension for WindowsStandalone target not found
Refreshing native plugins compatible for Editor in 0.74 ms, found 7 plugins.
Preloading 1 native plugins for Editor in 0.08 ms.
Mono: successfully reloaded assembly
- Completed reload, in  0.800 seconds
Platform modules already initialized, skipping
Shader 'Oculus/OVRMRCameraFrameLit': fallback shader 'Alpha-Diffuse' not found
Refreshing native plugins compatible for Editor in 0.93 ms, found 7 plugins.
Preloading 1 native plugins for Editor in 0.07 ms.
Unloading 1947 Unused Serialized files (Serialized files now loaded: 0)
System memory in use before: 97.0 MB.
System memory in use after: 96.7 MB.

Unloading 39 unused Assets to reduce memory usage. Loaded Objects now: 2458.
Total: 2.024500 ms (FindLiveObjects: 0.207900 ms CreateObjectMapping: 0.075200 ms MarkObjects: 1.437200 ms  DeleteObjects: 0.303300 ms)

========================================================================
Received Prepare
Registering precompiled user dll's ...
Registered in 0.003911 seconds.
Begin MonoManager ReloadAssembly
Native extension for WindowsStandalone target not found
Refreshing native plugins compatible for Editor in 0.75 ms, found 7 plugins.
Preloading 1 native plugins for Editor in 0.07 ms.
Mono: successfully reloaded assembly
- Completed reload, in  0.804 seconds
Platform modules already initialized, skipping
Shader 'Oculus/OVRMRCameraFrameLit': fallback shader 'Alpha-Diffuse' not found
Refreshing native plugins compatible for Editor in 0.81 ms, found 7 plugins.
Preloading 1 native plugins for Editor in 0.09 ms.
Unloading 1947 Unused Serialized files (Serialized files now loaded: 0)
System memory in use before: 97.0 MB.
System memory in use after: 96.7 MB.

Unloading 39 unused Assets to reduce memory usage. Loaded Objects now: 2462.
Total: 2.449800 ms (FindLiveObjects: 0.222900 ms CreateObjectMapping: 0.087900 ms MarkObjects: 1.806800 ms  DeleteObjects: 0.330700 ms)

========================================================================
Received Prepare
Registering precompiled user dll's ...
Registered in 0.003362 seconds.
Begin MonoManager ReloadAssembly
Native extension for WindowsStandalone target not found
Refreshing native plugins compatible for Editor in 0.72 ms, found 7 plugins.
Preloading 1 native plugins for Editor in 0.06 ms.
Mono: successfully reloaded assembly
- Completed reload, in  0.759 seconds
Platform modules already initialized, skipping
Shader 'Oculus/OVRMRCameraFrameLit': fallback shader 'Alpha-Diffuse' not found
Refreshing native plugins compatible for Editor in 0.90 ms, found 7 plugins.
Preloading 1 native plugins for Editor in 0.06 ms.
Unloading 1947 Unused Serialized files (Serialized files now loaded: 0)
System memory in use before: 97.0 MB.
System memory in use after: 96.8 MB.

Unloading 39 unused Assets to reduce memory usage. Loaded Objects now: 2466.
Total: 2.447800 ms (FindLiveObjects: 0.284600 ms CreateObjectMapping: 0.080800 ms MarkObjects: 1.691100 ms  DeleteObjects: 0.389900 ms)

AssetImportWorkerClient::OnTransportError - code=2 error=End of file
