Using pre-set license
Built from '2020.3/staging' branch; Version is '2020.3.6f1 (338bb68529b2) revision 3378102'; Using compiler version '192528614'; Build Type 'Release'
OS: 'Windows 10 Pro; OS build 19042.985; Version 2009; 64bit' Language: 'ko' Physical Memory: 16315 MB
BatchMode: 1, IsHumanControllingUs: 0, StartBugReporterOnCrash: 0, Is64bit: 1, IsPro: 0

 COMMAND LINE ARGUMENTS:
C:\Program Files\Unity\Hub\Editor\2020.3.6f1\Editor\Unity.exe
-adb2
-batchMode
-noUpm
-name
AssetImportWorker0
-projectPath
C:/Users/DMC CONET/Desktop/이나영/360VR/360VR_0511
-logFile
Logs/AssetImportWorker0.log
-srvPort
59386
Successfully changed project path to: C:/Users/DMC CONET/Desktop/이나영/360VR/360VR_0511
C:/Users/DMC CONET/Desktop/이나영/360VR/360VR_0511
Using Asset Import Pipeline V2.
Refreshing native plugins compatible for Editor in 61.56 ms, found 7 plugins.
Preloading 1 native plugins for Editor in 1.14 ms.
Initialize engine version: 2020.3.6f1 (338bb68529b2)
[Subsystems] Discovering subsystems at path C:/Program Files/Unity/Hub/Editor/2020.3.6f1/Editor/Data/Resources/UnitySubsystems
[Subsystems] Discovering subsystems at path C:/Users/DMC CONET/Desktop/이나영/360VR/360VR_0511/Assets
GfxDevice: creating device client; threaded=0
Direct3D:
    Version:  Direct3D 11.0 [level 11.1]
    Renderer: NVIDIA GeForce GTX 1660 SUPER (ID=0x21c4)
    Vendor:   
    VRAM:     5991 MB
    Driver:   27.21.14.5751
Shader 'Oculus/OVRMRCameraFrameLit': fallback shader 'Alpha-Diffuse' not found
Initialize mono
Mono path[0] = 'C:/Program Files/Unity/Hub/Editor/2020.3.6f1/Editor/Data/Managed'
Mono path[1] = 'C:/Program Files/Unity/Hub/Editor/2020.3.6f1/Editor/Data/MonoBleedingEdge/lib/mono/unityjit'
Mono config path = 'C:/Program Files/Unity/Hub/Editor/2020.3.6f1/Editor/Data/MonoBleedingEdge/etc'
Using monoOptions --debugger-agent=transport=dt_socket,embedding=1,server=y,suspend=n,address=127.0.0.1:56304
Begin MonoManager ReloadAssembly
Registering precompiled unity dll's ...
Register platform support module: C:/Program Files/Unity/Hub/Editor/2020.3.6f1/Editor/Data/PlaybackEngines/WindowsStandaloneSupport/UnityEditor.WindowsStandalone.Extensions.dll
Registered in 0.001783 seconds.
Native extension for WindowsStandalone target not found
Refreshing native plugins compatible for Editor in 51.84 ms, found 7 plugins.
Preloading 1 native plugins for Editor in 0.06 ms.
Mono: successfully reloaded assembly
- Completed reload, in  1.708 seconds
Platform modules already initialized, skipping
Registering precompiled user dll's ...
Registered in 0.003278 seconds.
Begin MonoManager ReloadAssembly
Native extension for WindowsStandalone target not found
Refreshing native plugins compatible for Editor in 0.72 ms, found 7 plugins.
Preloading 1 native plugins for Editor in 0.09 ms.
[XR] OculusXRPlugin: registering subsystems
[XR] Unable to register display lifecyle provider: [1]
[XR] Oculus Input lifecycle provider registered.
[XR] Unable to register input lifecyle provider: [1]
[XR] OVRP version 1.60.0
Mono: successfully reloaded assembly
- Completed reload, in  0.822 seconds
Platform modules already initialized, skipping
========================================================================
Worker process is ready to serve import requests
Shader 'Oculus/OVRMRCameraFrameLit': fallback shader 'Alpha-Diffuse' not found
Launched and connected shader compiler UnityShaderCompiler.exe after 0.04 seconds
Refreshing native plugins compatible for Editor in 0.67 ms, found 7 plugins.
Preloading 1 native plugins for Editor in 0.06 ms.
Unloading 2034 Unused Serialized files (Serialized files now loaded: 0)
System memory in use before: 104.4 MB.
System memory in use after: 104.1 MB.

Unloading 44 unused Assets to reduce memory usage. Loaded Objects now: 2454.
Total: 2.375800 ms (FindLiveObjects: 0.288600 ms CreateObjectMapping: 0.234700 ms MarkObjects: 1.557500 ms  DeleteObjects: 0.294300 ms)

========================================================================
Received Import Request.
  path: Assets/Monqo Flower Ceramic Vases/Models
  artifactKey: Guid(e1769eeddfcb1964b9970d86a32fe9fe) Importer(815301076,1909f56bfc062723c751e8b465ee728b)
Start importing Assets/Monqo Flower Ceramic Vases/Models using Guid(e1769eeddfcb1964b9970d86a32fe9fe) Importer(815301076,1909f56bfc062723c751e8b465ee728b)  -> (artifact id: 'c44e334d9be19ba5da092837845bb446') in 0.007458 seconds
  Import took 0.010777 seconds .

========================================================================
Received Import Request.
  Time since last request: 68.385314 seconds.
  path: Assets/3Dfrk/Frames with pictures
  artifactKey: Guid(d0f6c004e30f8ea47beae89302b286fd) Importer(815301076,1909f56bfc062723c751e8b465ee728b)
Start importing Assets/3Dfrk/Frames with pictures using Guid(d0f6c004e30f8ea47beae89302b286fd) Importer(815301076,1909f56bfc062723c751e8b465ee728b)  -> (artifact id: '9f5989a7a956177ea47a6d9b30f617a9') in 0.006758 seconds
  Import took 0.009990 seconds .

========================================================================
Received Import Request.
  Time since last request: 2.392679 seconds.
  path: Assets/3Dfrk/Frames with pictures/Prefabs
  artifactKey: Guid(5f0b50f261fd49c4aac75594c225e812) Importer(815301076,1909f56bfc062723c751e8b465ee728b)
Start importing Assets/3Dfrk/Frames with pictures/Prefabs using Guid(5f0b50f261fd49c4aac75594c225e812) Importer(815301076,1909f56bfc062723c751e8b465ee728b)  -> (artifact id: 'd2d75d23430aca3143c34b04cb98d989') in 0.005295 seconds
  Import took 0.008667 seconds .

========================================================================
Received Import Request.
  Time since last request: 30.319446 seconds.
  path: Assets/3Dfrk/Frames with pictures/Textures/Paint_10.png
  artifactKey: Guid(19fe3c7d3d5fd664a94be865633843e2) Importer(815301076,1909f56bfc062723c751e8b465ee728b)
Start importing Assets/3Dfrk/Frames with pictures/Textures/Paint_10.png using Guid(19fe3c7d3d5fd664a94be865633843e2) Importer(815301076,1909f56bfc062723c751e8b465ee728b)  -> (artifact id: '6ace0291e7b945f6c30893809fbda329') in 0.091819 seconds
  Import took 0.095032 seconds .

========================================================================
Received Import Request.
  Time since last request: 1.339225 seconds.
  path: Assets/3Dfrk/Frames with pictures/Textures/Paint_09.png
  artifactKey: Guid(38fa81545efe11a42b00d7d1e10af0af) Importer(815301076,1909f56bfc062723c751e8b465ee728b)
Start importing Assets/3Dfrk/Frames with pictures/Textures/Paint_09.png using Guid(38fa81545efe11a42b00d7d1e10af0af) Importer(815301076,1909f56bfc062723c751e8b465ee728b)  -> (artifact id: '39d26c16ab132a9e226a038f6913640f') in 0.011255 seconds
  Import took 0.014231 seconds .

========================================================================
Received Import Request.
  Time since last request: 0.000796 seconds.
  path: Assets/3Dfrk/Frames with pictures/Textures/Paint_09.png
  artifactKey: Guid(38fa81545efe11a42b00d7d1e10af0af) Importer(815301076,1909f56bfc062723c751e8b465ee728b)
Start importing Assets/3Dfrk/Frames with pictures/Textures/Paint_09.png using Guid(38fa81545efe11a42b00d7d1e10af0af) Importer(815301076,1909f56bfc062723c751e8b465ee728b)  -> (artifact id: '39d26c16ab132a9e226a038f6913640f') in 0.010224 seconds
  Import took 0.013201 seconds .

========================================================================
Received Import Request.
  Time since last request: 0.615721 seconds.
  path: Assets/3Dfrk/Frames with pictures/Textures/Paint_08.png
  artifactKey: Guid(c97f406d11c78464793fb1addeadba6e) Importer(815301076,1909f56bfc062723c751e8b465ee728b)
Start importing Assets/3Dfrk/Frames with pictures/Textures/Paint_08.png using Guid(c97f406d11c78464793fb1addeadba6e) Importer(815301076,1909f56bfc062723c751e8b465ee728b)  -> (artifact id: '8c6c626967fd67f06d28d5af383d46b4') in 0.009730 seconds
  Import took 0.012769 seconds .

========================================================================
Received Import Request.
  Time since last request: 0.002046 seconds.
  path: Assets/3Dfrk/Frames with pictures/Textures/Paint_08.png
  artifactKey: Guid(c97f406d11c78464793fb1addeadba6e) Importer(815301076,1909f56bfc062723c751e8b465ee728b)
Start importing Assets/3Dfrk/Frames with pictures/Textures/Paint_08.png using Guid(c97f406d11c78464793fb1addeadba6e) Importer(815301076,1909f56bfc062723c751e8b465ee728b)  -> (artifact id: '8c6c626967fd67f06d28d5af383d46b4') in 0.009312 seconds
  Import took 0.012405 seconds .

AssetImportWorkerClient::OnTransportError - code=2 error=End of file
